2026-03-12 13:58:28 Array
(
    [post_id] => 590
    [post_type] => booking
    [POST_keys] => Array
        (
            [0] => action
            [1] => wp_travel_engine_new_booking_process_nonce
            [2] => _wp_http_referer
            [3] => billing
            [4] => wp_travel_engine_booking_setting
        )

    [POST_billing] => Array
        (
            [fname] => tono
            [lname] => budi
            [email] => tonokorto@gmail.com
            [phone] => 0895622771393
            [address] => -
            [city] => -
            [country] => ID
        )

    [raw_input] => 
)

---
2026-03-12 13:58:29 Array
(
    [post_id] => 590
    [post_type] => booking
    [POST_keys] => Array
        (
            [0] => action
            [1] => wp_travel_engine_new_booking_process_nonce
            [2] => _wp_http_referer
            [3] => billing
            [4] => wp_travel_engine_booking_setting
        )

    [POST_billing] => Array
        (
            [fname] => tono
            [lname] => budi
            [email] => tonokorto@gmail.com
            [phone] => 0895622771393
            [address] => -
            [city] => -
            [country] => ID
        )

    [raw_input] => 
)

---
2026-03-12 14:00:16 Array
(
    [post_id] => 592
    [post_type] => booking
    [POST_keys] => Array
        (
            [0] => action
            [1] => wp_travel_engine_new_booking_process_nonce
            [2] => _wp_http_referer
            [3] => billing
            [4] => wp_travel_engine_booking_setting
        )

    [POST_billing] => Array
        (
            [fname] => tono
            [lname] => budi
            [email] => tonokorto@gmail.com
            [phone] => 0895622771393
            [address] => -
            [city] => -
            [country] => ID
        )

    [raw_input] => 
)

---
2026-03-12 14:00:17 Array
(
    [post_id] => 592
    [post_type] => booking
    [POST_keys] => Array
        (
            [0] => action
            [1] => wp_travel_engine_new_booking_process_nonce
            [2] => _wp_http_referer
            [3] => billing
            [4] => wp_travel_engine_booking_setting
        )

    [POST_billing] => Array
        (
            [fname] => tono
            [lname] => budi
            [email] => tonokorto@gmail.com
            [phone] => 0895622771393
            [address] => -
            [city] => -
            [country] => ID
        )

    [raw_input] => 
)

---
2026-03-12 14:02:18 Array
(
    [POST_billing_BEFORE] => Array
        (
            [fname] => tono
            [lname] => budi
            [email] => tonokorto@gmail.com
            [phone] => 0895622771393
            [address] => -
            [city] => -
            [country] => ID
        )

    [current_user_email] => tonokorto@gmail.com
    [is_logged_in] => 1
    [priority_running] => priority_9
    [POST_billing_AFTER] => Array
        (
            [fname] => tono
            [lname] => budi
            [email] => tonokorto@gmail.com
            [phone] => 0895622771393
            [address] => -
            [city] => -
            [country] => ID
        )

)

---
2026-03-12 14:02:18 Array
(
    [POST_billing_BEFORE] => Array
        (
            [fname] => tono
            [lname] => budi
            [email] => tonokorto@gmail.com
            [phone] => 0895622771393
            [address] => -
            [city] => -
            [country] => ID
        )

    [current_user_email] => tonokorto@gmail.com
    [is_logged_in] => 1
    [priority_running] => priority_9
    [POST_billing_AFTER] => Array
        (
            [fname] => tono
            [lname] => budi
            [email] => tonokorto@gmail.com
            [phone] => 0895622771393
            [address] => -
            [city] => -
            [country] => ID
        )

)

---
2026-03-12 14:40:13 [fix-usermeta] User #7 → 6 booking: 582, 586, 588, 590, 594, 596
2026-03-12 14:42:06 [fix-usermeta] User #7 → 7 booking: 582, 586, 588, 590, 594, 596, 598
2026-03-12 14:43:02 [fix-usermeta] User #7 → 8 booking: 582, 586, 588, 590, 594, 596, 598, 600
